mode: atomic
github.com/gidyon/pandemic-api/internal/services/tracing/tracing.go:55.49,58.9 2 5
github.com/gidyon/pandemic-api/internal/services/tracing/tracing.go:68.2,68.16 1 5
github.com/gidyon/pandemic-api/internal/services/tracing/tracing.go:72.2,83.16 3 1
github.com/gidyon/pandemic-api/internal/services/tracing/tracing.go:87.2,87.16 1 1
github.com/gidyon/pandemic-api/internal/services/tracing/tracing.go:59.24,60.48 1 1
github.com/gidyon/pandemic-api/internal/services/tracing/tracing.go:61.30,62.48 1 3
github.com/gidyon/pandemic-api/internal/services/tracing/tracing.go:63.34,64.59 1 0
github.com/gidyon/pandemic-api/internal/services/tracing/tracing.go:65.25,66.49 1 0
github.com/gidyon/pandemic-api/internal/services/tracing/tracing.go:68.16,70.3 1 4
github.com/gidyon/pandemic-api/internal/services/tracing/tracing.go:83.16,85.3 1 0
github.com/gidyon/pandemic-api/internal/services/tracing/tracing.go:90.56,94.2 3 254
github.com/gidyon/pandemic-api/internal/services/tracing/tracing.go:106.52,108.21 1 5
github.com/gidyon/pandemic-api/internal/services/tracing/tracing.go:113.2,114.9 2 4
github.com/gidyon/pandemic-api/internal/services/tracing/tracing.go:120.2,120.16 1 4
github.com/gidyon/pandemic-api/internal/services/tracing/tracing.go:125.2,128.9 3 2
github.com/gidyon/pandemic-api/internal/services/tracing/tracing.go:137.2,137.53 1 1
github.com/gidyon/pandemic-api/internal/services/tracing/tracing.go:142.2,143.16 2 1
github.com/gidyon/pandemic-api/internal/services/tracing/tracing.go:146.2,148.35 2 1
github.com/gidyon/pandemic-api/internal/services/tracing/tracing.go:153.2,160.16 3 1
github.com/gidyon/pandemic-api/internal/services/tracing/tracing.go:165.2,172.16 3 1
github.com/gidyon/pandemic-api/internal/services/tracing/tracing.go:177.2,181.8 2 1
github.com/gidyon/pandemic-api/internal/services/tracing/tracing.go:108.21,110.3 1 1
github.com/gidyon/pandemic-api/internal/services/tracing/tracing.go:115.34,116.51 1 1
github.com/gidyon/pandemic-api/internal/services/tracing/tracing.go:117.32,118.49 1 1
github.com/gidyon/pandemic-api/internal/services/tracing/tracing.go:120.16,122.3 1 2
github.com/gidyon/pandemic-api/internal/services/tracing/tracing.go:129.18,129.18 0 1
github.com/gidyon/pandemic-api/internal/services/tracing/tracing.go:130.46,131.98 1 1
github.com/gidyon/pandemic-api/internal/services/tracing/tracing.go:132.10,133.71 1 0
github.com/gidyon/pandemic-api/internal/services/tracing/tracing.go:137.53,139.3 1 0
github.com/gidyon/pandemic-api/internal/services/tracing/tracing.go:143.16,145.3 1 0
github.com/gidyon/pandemic-api/internal/services/tracing/tracing.go:148.35,150.3 1 0
github.com/gidyon/pandemic-api/internal/services/tracing/tracing.go:160.16,162.3 1 0
github.com/gidyon/pandemic-api/internal/services/tracing/tracing.go:172.16,174.3 1 0
github.com/gidyon/pandemic-api/internal/services/tracing/tracing.go:188.3,191.22 2 2
github.com/gidyon/pandemic-api/internal/services/tracing/tracing.go:198.2,204.16 5 2
github.com/gidyon/pandemic-api/internal/services/tracing/tracing.go:211.2,212.16 2 2
github.com/gidyon/pandemic-api/internal/services/tracing/tracing.go:191.22,195.3 3 0
github.com/gidyon/pandemic-api/internal/services/tracing/tracing.go:204.16,209.3 4 0
github.com/gidyon/pandemic-api/internal/services/tracing/tracing.go:212.16,213.29 1 2
github.com/gidyon/pandemic-api/internal/services/tracing/tracing.go:220.3,220.17 1 2
github.com/gidyon/pandemic-api/internal/services/tracing/tracing.go:227.3,227.27 1 2
github.com/gidyon/pandemic-api/internal/services/tracing/tracing.go:231.3,234.35 2 2
github.com/gidyon/pandemic-api/internal/services/tracing/tracing.go:307.3,309.25 2 2
github.com/gidyon/pandemic-api/internal/services/tracing/tracing.go:213.29,216.4 1 0
github.com/gidyon/pandemic-api/internal/services/tracing/tracing.go:216.9,219.4 1 2
github.com/gidyon/pandemic-api/internal/services/tracing/tracing.go:220.17,225.4 4 0
github.com/gidyon/pandemic-api/internal/services/tracing/tracing.go:227.27,229.4 1 2
github.com/gidyon/pandemic-api/internal/services/tracing/tracing.go:234.35,239.14 3 124
github.com/gidyon/pandemic-api/internal/services/tracing/tracing.go:239.14,252.46 4 124
github.com/gidyon/pandemic-api/internal/services/tracing/tracing.go:288.5,289.19 2 124
github.com/gidyon/pandemic-api/internal/services/tracing/tracing.go:295.5,295.30 1 124
github.com/gidyon/pandemic-api/internal/services/tracing/tracing.go:252.46,258.20 3 127
github.com/gidyon/pandemic-api/internal/services/tracing/tracing.go:273.6,273.39 1 127
github.com/gidyon/pandemic-api/internal/services/tracing/tracing.go:258.20,261.14 2 0
github.com/gidyon/pandemic-api/internal/services/tracing/tracing.go:269.7,269.15 1 0
github.com/gidyon/pandemic-api/internal/services/tracing/tracing.go:262.42,262.42 0 0
github.com/gidyon/pandemic-api/internal/services/tracing/tracing.go:267.9,267.9 0 0
github.com/gidyon/pandemic-api/internal/services/tracing/tracing.go:273.39,275.37 2 0
github.com/gidyon/pandemic-api/internal/services/tracing/tracing.go:280.7,284.9 2 0
github.com/gidyon/pandemic-api/internal/services/tracing/tracing.go:275.37,277.16 2 0
github.com/gidyon/pandemic-api/internal/services/tracing/tracing.go:289.19,293.6 3 0
github.com/gidyon/pandemic-api/internal/services/tracing/tracing.go:295.30,298.20 2 0
github.com/gidyon/pandemic-api/internal/services/tracing/tracing.go:298.20,302.7 3 0
github.com/gidyon/pandemic-api/internal/services/tracing/tracing.go:313.88,317.16 3 0
github.com/gidyon/pandemic-api/internal/services/tracing/tracing.go:323.2,325.16 3 0
github.com/gidyon/pandemic-api/internal/services/tracing/tracing.go:331.2,341.16 4 0
github.com/gidyon/pandemic-api/internal/services/tracing/tracing.go:346.2,351.16 4 0
github.com/gidyon/pandemic-api/internal/services/tracing/tracing.go:317.16,320.3 2 0
github.com/gidyon/pandemic-api/internal/services/tracing/tracing.go:325.16,328.3 2 0
github.com/gidyon/pandemic-api/internal/services/tracing/tracing.go:341.16,344.3 2 0
github.com/gidyon/pandemic-api/internal/services/tracing/tracing.go:351.16,354.3 2 0
github.com/gidyon/pandemic-api/internal/services/tracing/tracing.go:359.52,361.21 1 0
github.com/gidyon/pandemic-api/internal/services/tracing/tracing.go:366.2,367.9 2 0
github.com/gidyon/pandemic-api/internal/services/tracing/tracing.go:371.2,371.16 1 0
github.com/gidyon/pandemic-api/internal/services/tracing/tracing.go:376.2,377.16 2 0
github.com/gidyon/pandemic-api/internal/services/tracing/tracing.go:380.2,382.35 2 0
github.com/gidyon/pandemic-api/internal/services/tracing/tracing.go:387.2,394.16 3 0
github.com/gidyon/pandemic-api/internal/services/tracing/tracing.go:399.2,407.16 4 0
github.com/gidyon/pandemic-api/internal/services/tracing/tracing.go:411.2,412.32 2 0
github.com/gidyon/pandemic-api/internal/services/tracing/tracing.go:416.2,416.12 1 0
github.com/gidyon/pandemic-api/internal/services/tracing/tracing.go:458.2,460.8 1 0
github.com/gidyon/pandemic-api/internal/services/tracing/tracing.go:361.21,363.3 1 0
github.com/gidyon/pandemic-api/internal/services/tracing/tracing.go:368.32,369.49 1 0
github.com/gidyon/pandemic-api/internal/services/tracing/tracing.go:371.16,373.3 1 0
github.com/gidyon/pandemic-api/internal/services/tracing/tracing.go:377.16,379.3 1 0
github.com/gidyon/pandemic-api/internal/services/tracing/tracing.go:382.35,384.3 1 0
github.com/gidyon/pandemic-api/internal/services/tracing/tracing.go:394.16,396.3 1 0
github.com/gidyon/pandemic-api/internal/services/tracing/tracing.go:407.16,409.3 1 0
github.com/gidyon/pandemic-api/internal/services/tracing/tracing.go:412.32,414.3 1 0
github.com/gidyon/pandemic-api/internal/services/tracing/tracing.go:416.12,424.17 6 0
github.com/gidyon/pandemic-api/internal/services/tracing/tracing.go:424.17,427.11 2 0
github.com/gidyon/pandemic-api/internal/services/tracing/tracing.go:434.4,434.28 1 0
github.com/gidyon/pandemic-api/internal/services/tracing/tracing.go:438.4,440.35 2 0
github.com/gidyon/pandemic-api/internal/services/tracing/tracing.go:452.4,454.26 2 0
github.com/gidyon/pandemic-api/internal/services/tracing/tracing.go:428.20,428.20 0 0
github.com/gidyon/pandemic-api/internal/services/tracing/tracing.go:429.12,431.11 2 0
github.com/gidyon/pandemic-api/internal/services/tracing/tracing.go:434.28,436.5 1 0
github.com/gidyon/pandemic-api/internal/services/tracing/tracing.go:440.35,441.22 1 0
github.com/gidyon/pandemic-api/internal/services/tracing/tracing.go:445.5,446.15 2 0
github.com/gidyon/pandemic-api/internal/services/tracing/tracing.go:441.22,442.14 1 0
github.com/gidyon/pandemic-api/internal/services/tracing/tracing.go:446.15,449.6 2 0
github.com/gidyon/pandemic-api/internal/services/tracing/tracing.go:465.52,467.20 1 0
github.com/gidyon/pandemic-api/internal/services/tracing/tracing.go:472.2,473.9 2 0
github.com/gidyon/pandemic-api/internal/services/tracing/tracing.go:477.2,477.16 1 0
github.com/gidyon/pandemic-api/internal/services/tracing/tracing.go:482.2,488.16 5 0
github.com/gidyon/pandemic-api/internal/services/tracing/tracing.go:492.2,494.43 2 0
github.com/gidyon/pandemic-api/internal/services/tracing/tracing.go:502.2,505.8 1 0
github.com/gidyon/pandemic-api/internal/services/tracing/tracing.go:467.20,469.3 1 0
github.com/gidyon/pandemic-api/internal/services/tracing/tracing.go:474.28,475.45 1 0
github.com/gidyon/pandemic-api/internal/services/tracing/tracing.go:477.16,479.3 1 0
github.com/gidyon/pandemic-api/internal/services/tracing/tracing.go:488.16,490.3 1 0
github.com/gidyon/pandemic-api/internal/services/tracing/tracing.go:494.43,496.17 2 0
github.com/gidyon/pandemic-api/internal/services/tracing/tracing.go:499.3,499.51 1 0
github.com/gidyon/pandemic-api/internal/services/tracing/tracing.go:496.17,498.4 1 0
github.com/gidyon/pandemic-api/internal/services/tracing/tracing.go:508.118,517.34 2 0
github.com/gidyon/pandemic-api/internal/services/tracing/tracing.go:524.2,524.25 1 0
github.com/gidyon/pandemic-api/internal/services/tracing/tracing.go:517.34,519.17 2 0
github.com/gidyon/pandemic-api/internal/services/tracing/tracing.go:519.17,521.4 1 0
github.com/gidyon/pandemic-api/internal/services/tracing/tracing.go:527.80,528.9 1 0
github.com/gidyon/pandemic-api/internal/services/tracing/tracing.go:529.37,529.37 0 0
github.com/gidyon/pandemic-api/internal/services/tracing/tracing.go:530.40,530.40 0 0
