mode: atomic
github.com/gidyon/pandemic-api/internal/services/tracing/tracing.go:54.42,57.9 2 5
github.com/gidyon/pandemic-api/internal/services/tracing/tracing.go:67.2,67.16 1 5
github.com/gidyon/pandemic-api/internal/services/tracing/tracing.go:71.2,80.16 2 1
github.com/gidyon/pandemic-api/internal/services/tracing/tracing.go:58.24,59.48 1 1
github.com/gidyon/pandemic-api/internal/services/tracing/tracing.go:60.30,61.48 1 3
github.com/gidyon/pandemic-api/internal/services/tracing/tracing.go:62.34,63.59 1 0
github.com/gidyon/pandemic-api/internal/services/tracing/tracing.go:64.25,65.49 1 0
github.com/gidyon/pandemic-api/internal/services/tracing/tracing.go:67.16,69.3 1 4
github.com/gidyon/pandemic-api/internal/services/tracing/tracing.go:83.56,87.2 3 224
github.com/gidyon/pandemic-api/internal/services/tracing/tracing.go:99.35,101.21 1 5
github.com/gidyon/pandemic-api/internal/services/tracing/tracing.go:106.2,107.9 2 4
github.com/gidyon/pandemic-api/internal/services/tracing/tracing.go:113.2,113.16 1 4
github.com/gidyon/pandemic-api/internal/services/tracing/tracing.go:118.2,120.9 3 2
github.com/gidyon/pandemic-api/internal/services/tracing/tracing.go:129.2,129.53 1 1
github.com/gidyon/pandemic-api/internal/services/tracing/tracing.go:134.2,135.16 2 1
github.com/gidyon/pandemic-api/internal/services/tracing/tracing.go:138.2,140.35 2 1
github.com/gidyon/pandemic-api/internal/services/tracing/tracing.go:145.2,152.16 3 1
github.com/gidyon/pandemic-api/internal/services/tracing/tracing.go:157.2,158.16 2 1
github.com/gidyon/pandemic-api/internal/services/tracing/tracing.go:163.2,165.27 2 1
github.com/gidyon/pandemic-api/internal/services/tracing/tracing.go:101.21,103.3 1 1
github.com/gidyon/pandemic-api/internal/services/tracing/tracing.go:108.34,109.51 1 1
github.com/gidyon/pandemic-api/internal/services/tracing/tracing.go:110.32,111.49 1 1
github.com/gidyon/pandemic-api/internal/services/tracing/tracing.go:113.16,115.3 1 2
github.com/gidyon/pandemic-api/internal/services/tracing/tracing.go:121.18,121.18 0 1
github.com/gidyon/pandemic-api/internal/services/tracing/tracing.go:122.46,123.98 1 1
github.com/gidyon/pandemic-api/internal/services/tracing/tracing.go:124.10,125.71 1 0
github.com/gidyon/pandemic-api/internal/services/tracing/tracing.go:129.53,131.3 1 0
github.com/gidyon/pandemic-api/internal/services/tracing/tracing.go:135.16,137.3 1 0
github.com/gidyon/pandemic-api/internal/services/tracing/tracing.go:140.35,142.3 1 0
github.com/gidyon/pandemic-api/internal/services/tracing/tracing.go:152.16,154.3 1 0
github.com/gidyon/pandemic-api/internal/services/tracing/tracing.go:158.16,160.3 1 0
github.com/gidyon/pandemic-api/internal/services/tracing/tracing.go:172.3,182.16 6 2
github.com/gidyon/pandemic-api/internal/services/tracing/tracing.go:189.2,190.16 2 2
github.com/gidyon/pandemic-api/internal/services/tracing/tracing.go:182.16,187.3 4 0
github.com/gidyon/pandemic-api/internal/services/tracing/tracing.go:190.16,192.17 2 2
github.com/gidyon/pandemic-api/internal/services/tracing/tracing.go:199.3,199.27 1 2
github.com/gidyon/pandemic-api/internal/services/tracing/tracing.go:203.3,206.35 2 2
github.com/gidyon/pandemic-api/internal/services/tracing/tracing.go:278.3,280.18 2 2
github.com/gidyon/pandemic-api/internal/services/tracing/tracing.go:192.17,197.4 4 0
github.com/gidyon/pandemic-api/internal/services/tracing/tracing.go:199.27,201.4 1 2
github.com/gidyon/pandemic-api/internal/services/tracing/tracing.go:206.35,211.14 3 106
github.com/gidyon/pandemic-api/internal/services/tracing/tracing.go:211.14,224.46 4 106
github.com/gidyon/pandemic-api/internal/services/tracing/tracing.go:261.5,262.19 2 106
github.com/gidyon/pandemic-api/internal/services/tracing/tracing.go:269.5,270.19 2 106
github.com/gidyon/pandemic-api/internal/services/tracing/tracing.go:224.46,231.20 3 112
github.com/gidyon/pandemic-api/internal/services/tracing/tracing.go:246.6,246.39 1 112
github.com/gidyon/pandemic-api/internal/services/tracing/tracing.go:231.20,234.14 2 0
github.com/gidyon/pandemic-api/internal/services/tracing/tracing.go:242.7,242.15 1 0
github.com/gidyon/pandemic-api/internal/services/tracing/tracing.go:235.42,235.42 0 0
github.com/gidyon/pandemic-api/internal/services/tracing/tracing.go:240.9,240.9 0 0
github.com/gidyon/pandemic-api/internal/services/tracing/tracing.go:246.39,248.37 2 0
github.com/gidyon/pandemic-api/internal/services/tracing/tracing.go:253.7,257.9 2 0
github.com/gidyon/pandemic-api/internal/services/tracing/tracing.go:248.37,250.16 2 0
github.com/gidyon/pandemic-api/internal/services/tracing/tracing.go:262.19,266.6 3 0
github.com/gidyon/pandemic-api/internal/services/tracing/tracing.go:270.19,274.6 3 0
github.com/gidyon/pandemic-api/internal/services/tracing/tracing.go:284.79,285.9 1 0
github.com/gidyon/pandemic-api/internal/services/tracing/tracing.go:286.37,286.37 0 0
github.com/gidyon/pandemic-api/internal/services/tracing/tracing.go:287.40,287.40 0 0
github.com/gidyon/pandemic-api/internal/services/tracing/tracing.go:291.90,294.16 2 0
github.com/gidyon/pandemic-api/internal/services/tracing/tracing.go:300.2,302.16 3 0
github.com/gidyon/pandemic-api/internal/services/tracing/tracing.go:308.2,318.16 4 0
github.com/gidyon/pandemic-api/internal/services/tracing/tracing.go:324.2,325.16 2 0
github.com/gidyon/pandemic-api/internal/services/tracing/tracing.go:294.16,297.3 2 0
github.com/gidyon/pandemic-api/internal/services/tracing/tracing.go:302.16,305.3 2 0
github.com/gidyon/pandemic-api/internal/services/tracing/tracing.go:318.16,321.3 2 0
github.com/gidyon/pandemic-api/internal/services/tracing/tracing.go:325.16,328.3 2 0
