mode: atomic
github.com/gidyon/pandemic-api/internal/services/location/locationv1.go:49.103,52.9 2 6
github.com/gidyon/pandemic-api/internal/services/location/locationv1.go:64.2,64.16 1 6
github.com/gidyon/pandemic-api/internal/services/location/locationv1.go:68.2,78.16 3 1
github.com/gidyon/pandemic-api/internal/services/location/locationv1.go:82.2,82.29 1 1
github.com/gidyon/pandemic-api/internal/services/location/locationv1.go:53.18,54.54 1 1
github.com/gidyon/pandemic-api/internal/services/location/locationv1.go:55.25,56.49 1 1
github.com/gidyon/pandemic-api/internal/services/location/locationv1.go:57.27,58.51 1 1
github.com/gidyon/pandemic-api/internal/services/location/locationv1.go:59.25,60.54 1 1
github.com/gidyon/pandemic-api/internal/services/location/locationv1.go:61.34,62.59 1 1
github.com/gidyon/pandemic-api/internal/services/location/locationv1.go:64.16,66.3 1 5
github.com/gidyon/pandemic-api/internal/services/location/locationv1.go:78.16,80.3 1 0
github.com/gidyon/pandemic-api/internal/services/location/locationv1.go:91.60,94.9 2 15
github.com/gidyon/pandemic-api/internal/services/location/locationv1.go:108.2,108.16 1 15
github.com/gidyon/pandemic-api/internal/services/location/locationv1.go:111.2,111.12 1 9
github.com/gidyon/pandemic-api/internal/services/location/locationv1.go:95.25,96.47 1 1
github.com/gidyon/pandemic-api/internal/services/location/locationv1.go:97.40,98.57 1 1
github.com/gidyon/pandemic-api/internal/services/location/locationv1.go:99.39,100.56 1 1
github.com/gidyon/pandemic-api/internal/services/location/locationv1.go:101.35,102.57 1 1
github.com/gidyon/pandemic-api/internal/services/location/locationv1.go:103.35,104.60 1 1
github.com/gidyon/pandemic-api/internal/services/location/locationv1.go:105.31,106.55 1 1
github.com/gidyon/pandemic-api/internal/services/location/locationv1.go:108.16,110.3 1 6
github.com/gidyon/pandemic-api/internal/services/location/locationv1.go:114.47,118.2 3 8
github.com/gidyon/pandemic-api/internal/services/location/locationv1.go:122.9,125.16 3 15
github.com/gidyon/pandemic-api/internal/services/location/locationv1.go:130.2,134.9 3 9
github.com/gidyon/pandemic-api/internal/services/location/locationv1.go:142.2,148.16 3 8
github.com/gidyon/pandemic-api/internal/services/location/locationv1.go:152.2,152.50 1 8
github.com/gidyon/pandemic-api/internal/services/location/locationv1.go:167.2,173.16 4 8
github.com/gidyon/pandemic-api/internal/services/location/locationv1.go:177.2,177.12 1 8
github.com/gidyon/pandemic-api/internal/services/location/locationv1.go:125.16,127.3 1 6
github.com/gidyon/pandemic-api/internal/services/location/locationv1.go:135.28,136.47 1 1
github.com/gidyon/pandemic-api/internal/services/location/locationv1.go:137.39,138.49 1 0
github.com/gidyon/pandemic-api/internal/services/location/locationv1.go:148.16,150.3 1 0
github.com/gidyon/pandemic-api/internal/services/location/locationv1.go:152.50,157.17 2 1
github.com/gidyon/pandemic-api/internal/services/location/locationv1.go:157.17,159.4 1 0
github.com/gidyon/pandemic-api/internal/services/location/locationv1.go:160.8,161.17 1 7
github.com/gidyon/pandemic-api/internal/services/location/locationv1.go:161.17,163.4 1 0
github.com/gidyon/pandemic-api/internal/services/location/locationv1.go:173.16,175.3 1 0
github.com/gidyon/pandemic-api/internal/services/location/locationv1.go:180.39,182.2 1 8
github.com/gidyon/pandemic-api/internal/services/location/locationv1.go:184.56,186.2 1 8
github.com/gidyon/pandemic-api/internal/services/location/locationv1.go:188.101,195.16 4 0
github.com/gidyon/pandemic-api/internal/services/location/locationv1.go:200.2,200.12 1 0
github.com/gidyon/pandemic-api/internal/services/location/locationv1.go:195.16,198.3 2 0
github.com/gidyon/pandemic-api/internal/services/location/locationv1.go:200.12,209.17 2 0
github.com/gidyon/pandemic-api/internal/services/location/locationv1.go:209.17,212.4 2 0
github.com/gidyon/pandemic-api/internal/services/location/locationv1.go:218.25,220.20 1 9
github.com/gidyon/pandemic-api/internal/services/location/locationv1.go:224.2,225.16 2 8
github.com/gidyon/pandemic-api/internal/services/location/locationv1.go:229.2,229.28 1 1
github.com/gidyon/pandemic-api/internal/services/location/locationv1.go:220.20,222.3 1 1
github.com/gidyon/pandemic-api/internal/services/location/locationv1.go:225.16,227.3 1 7
github.com/gidyon/pandemic-api/internal/services/location/locationv1.go:234.25,236.20 1 3
github.com/gidyon/pandemic-api/internal/services/location/locationv1.go:241.2,242.9 2 2
github.com/gidyon/pandemic-api/internal/services/location/locationv1.go:248.2,248.16 1 2
github.com/gidyon/pandemic-api/internal/services/location/locationv1.go:252.2,259.47 2 1
github.com/gidyon/pandemic-api/internal/services/location/locationv1.go:289.2,289.52 1 1
github.com/gidyon/pandemic-api/internal/services/location/locationv1.go:312.2,312.28 1 1
github.com/gidyon/pandemic-api/internal/services/location/locationv1.go:236.20,238.3 1 1
github.com/gidyon/pandemic-api/internal/services/location/locationv1.go:243.44,244.45 1 0
github.com/gidyon/pandemic-api/internal/services/location/locationv1.go:245.33,246.46 1 1
github.com/gidyon/pandemic-api/internal/services/location/locationv1.go:248.16,250.3 1 1
github.com/gidyon/pandemic-api/internal/services/location/locationv1.go:259.47,265.17 2 7
github.com/gidyon/pandemic-api/internal/services/location/locationv1.go:271.3,274.17 2 7
github.com/gidyon/pandemic-api/internal/services/location/locationv1.go:278.3,278.13 1 7
github.com/gidyon/pandemic-api/internal/services/location/locationv1.go:265.17,267.12 2 0
github.com/gidyon/pandemic-api/internal/services/location/locationv1.go:274.17,276.12 2 0
github.com/gidyon/pandemic-api/internal/services/location/locationv1.go:278.13,279.43 1 0
github.com/gidyon/pandemic-api/internal/services/location/locationv1.go:285.4,285.23 1 0
github.com/gidyon/pandemic-api/internal/services/location/locationv1.go:279.43,284.5 4 0
github.com/gidyon/pandemic-api/internal/services/location/locationv1.go:289.52,292.13 1 0
github.com/gidyon/pandemic-api/internal/services/location/locationv1.go:292.13,306.18 4 0
github.com/gidyon/pandemic-api/internal/services/location/locationv1.go:306.18,308.5 1 0
github.com/gidyon/pandemic-api/internal/services/location/locationv1.go:319.25,321.21 1 3
github.com/gidyon/pandemic-api/internal/services/location/locationv1.go:326.2,327.9 2 2
github.com/gidyon/pandemic-api/internal/services/location/locationv1.go:333.2,333.16 1 2
github.com/gidyon/pandemic-api/internal/services/location/locationv1.go:337.2,338.15 2 1
github.com/gidyon/pandemic-api/internal/services/location/locationv1.go:343.2,343.21 1 1
github.com/gidyon/pandemic-api/internal/services/location/locationv1.go:348.2,350.16 2 1
github.com/gidyon/pandemic-api/internal/services/location/locationv1.go:355.2,355.54 1 1
github.com/gidyon/pandemic-api/internal/services/location/locationv1.go:363.2,364.16 2 1
github.com/gidyon/pandemic-api/internal/services/location/locationv1.go:368.2,368.28 1 1
github.com/gidyon/pandemic-api/internal/services/location/locationv1.go:321.21,323.3 1 1
github.com/gidyon/pandemic-api/internal/services/location/locationv1.go:328.34,329.49 1 1
github.com/gidyon/pandemic-api/internal/services/location/locationv1.go:330.38,331.48 1 0
github.com/gidyon/pandemic-api/internal/services/location/locationv1.go:333.16,335.3 1 1
github.com/gidyon/pandemic-api/internal/services/location/locationv1.go:338.15,339.35 1 1
github.com/gidyon/pandemic-api/internal/services/location/locationv1.go:339.35,341.4 1 0
github.com/gidyon/pandemic-api/internal/services/location/locationv1.go:343.21,345.3 1 0
github.com/gidyon/pandemic-api/internal/services/location/locationv1.go:350.16,352.3 1 0
github.com/gidyon/pandemic-api/internal/services/location/locationv1.go:355.54,357.17 2 0
github.com/gidyon/pandemic-api/internal/services/location/locationv1.go:357.17,360.4 2 0
github.com/gidyon/pandemic-api/internal/services/location/locationv1.go:364.16,366.3 1 0
github.com/gidyon/pandemic-api/internal/services/location/locationv1.go:373.25,375.19 1 11
github.com/gidyon/pandemic-api/internal/services/location/locationv1.go:380.2,381.9 2 10
github.com/gidyon/pandemic-api/internal/services/location/locationv1.go:393.2,393.16 1 10
github.com/gidyon/pandemic-api/internal/services/location/locationv1.go:398.2,401.16 3 5
github.com/gidyon/pandemic-api/internal/services/location/locationv1.go:406.2,409.19 2 5
github.com/gidyon/pandemic-api/internal/services/location/locationv1.go:433.2,433.16 1 5
github.com/gidyon/pandemic-api/internal/services/location/locationv1.go:437.2,437.28 1 5
github.com/gidyon/pandemic-api/internal/services/location/locationv1.go:375.19,377.3 1 1
github.com/gidyon/pandemic-api/internal/services/location/locationv1.go:382.26,383.43 1 1
github.com/gidyon/pandemic-api/internal/services/location/locationv1.go:384.37,385.51 1 1
github.com/gidyon/pandemic-api/internal/services/location/locationv1.go:386.34,387.48 1 1
github.com/gidyon/pandemic-api/internal/services/location/locationv1.go:388.37,389.51 1 1
github.com/gidyon/pandemic-api/internal/services/location/locationv1.go:390.32,391.45 1 1
github.com/gidyon/pandemic-api/internal/services/location/locationv1.go:393.16,395.3 1 5
github.com/gidyon/pandemic-api/internal/services/location/locationv1.go:401.16,403.3 1 0
github.com/gidyon/pandemic-api/internal/services/location/locationv1.go:409.19,412.10 2 1
github.com/gidyon/pandemic-api/internal/services/location/locationv1.go:413.19,413.19 0 1
github.com/gidyon/pandemic-api/internal/services/location/locationv1.go:414.11,415.70 1 0
github.com/gidyon/pandemic-api/internal/services/location/locationv1.go:417.8,420.10 2 4
github.com/gidyon/pandemic-api/internal/services/location/locationv1.go:421.19,421.19 0 4
github.com/gidyon/pandemic-api/internal/services/location/locationv1.go:428.11,429.70 1 0
github.com/gidyon/pandemic-api/internal/services/location/locationv1.go:433.16,435.3 1 0
github.com/gidyon/pandemic-api/internal/services/location/locationv1.go:442.27,444.19 1 4
github.com/gidyon/pandemic-api/internal/services/location/locationv1.go:449.2,450.9 2 3
github.com/gidyon/pandemic-api/internal/services/location/locationv1.go:454.2,454.16 1 3
github.com/gidyon/pandemic-api/internal/services/location/locationv1.go:459.2,461.9 3 2
github.com/gidyon/pandemic-api/internal/services/location/locationv1.go:468.2,468.16 1 2
github.com/gidyon/pandemic-api/internal/services/location/locationv1.go:472.2,473.16 2 1
github.com/gidyon/pandemic-api/internal/services/location/locationv1.go:477.2,477.20 1 1
github.com/gidyon/pandemic-api/internal/services/location/locationv1.go:444.19,446.3 1 1
github.com/gidyon/pandemic-api/internal/services/location/locationv1.go:451.32,452.51 1 1
github.com/gidyon/pandemic-api/internal/services/location/locationv1.go:454.16,456.3 1 1
github.com/gidyon/pandemic-api/internal/services/location/locationv1.go:462.18,462.18 0 1
github.com/gidyon/pandemic-api/internal/services/location/locationv1.go:463.46,464.65 1 1
github.com/gidyon/pandemic-api/internal/services/location/locationv1.go:465.10,466.69 1 0
github.com/gidyon/pandemic-api/internal/services/location/locationv1.go:468.16,470.3 1 1
github.com/gidyon/pandemic-api/internal/services/location/locationv1.go:473.16,475.3 1 0
github.com/gidyon/pandemic-api/internal/services/location/locationv1.go:482.40,484.20 1 5
github.com/gidyon/pandemic-api/internal/services/location/locationv1.go:488.2,492.53 4 4
github.com/gidyon/pandemic-api/internal/services/location/locationv1.go:496.2,499.9 3 4
github.com/gidyon/pandemic-api/internal/services/location/locationv1.go:505.2,506.33 2 4
github.com/gidyon/pandemic-api/internal/services/location/locationv1.go:514.2,517.8 1 4
github.com/gidyon/pandemic-api/internal/services/location/locationv1.go:484.20,486.3 1 1
github.com/gidyon/pandemic-api/internal/services/location/locationv1.go:492.53,494.3 1 1
github.com/gidyon/pandemic-api/internal/services/location/locationv1.go:500.18,500.18 0 4
github.com/gidyon/pandemic-api/internal/services/location/locationv1.go:501.10,502.84 1 0
github.com/gidyon/pandemic-api/internal/services/location/locationv1.go:506.33,508.17 2 30
github.com/gidyon/pandemic-api/internal/services/location/locationv1.go:511.3,511.36 1 30
github.com/gidyon/pandemic-api/internal/services/location/locationv1.go:508.17,510.4 1 0
github.com/gidyon/pandemic-api/internal/services/location/locationv1.go:522.58,523.20 1 4
github.com/gidyon/pandemic-api/internal/services/location/locationv1.go:526.2,526.19 1 4
github.com/gidyon/pandemic-api/internal/services/location/locationv1.go:529.2,529.19 1 4
github.com/gidyon/pandemic-api/internal/services/location/locationv1.go:532.2,532.38 1 4
github.com/gidyon/pandemic-api/internal/services/location/locationv1.go:523.20,525.3 1 4
github.com/gidyon/pandemic-api/internal/services/location/locationv1.go:526.19,528.3 1 4
github.com/gidyon/pandemic-api/internal/services/location/locationv1.go:529.19,531.3 1 0
github.com/gidyon/pandemic-api/internal/services/location/locationv1.go:535.68,545.2 2 5
github.com/gidyon/pandemic-api/internal/services/location/locationv1.go:547.68,557.2 2 31
