mode: atomic
github.com/gidyon/pandemic-api/internal/services/location/location.go:52.103,55.9 2 6
github.com/gidyon/pandemic-api/internal/services/location/location.go:67.2,67.16 1 6
github.com/gidyon/pandemic-api/internal/services/location/location.go:71.2,83.16 3 1
github.com/gidyon/pandemic-api/internal/services/location/location.go:87.2,87.29 1 1
github.com/gidyon/pandemic-api/internal/services/location/location.go:56.18,57.54 1 1
github.com/gidyon/pandemic-api/internal/services/location/location.go:58.25,59.49 1 1
github.com/gidyon/pandemic-api/internal/services/location/location.go:60.27,61.51 1 1
github.com/gidyon/pandemic-api/internal/services/location/location.go:62.25,63.54 1 1
github.com/gidyon/pandemic-api/internal/services/location/location.go:64.34,65.59 1 1
github.com/gidyon/pandemic-api/internal/services/location/location.go:67.16,69.3 1 5
github.com/gidyon/pandemic-api/internal/services/location/location.go:83.16,85.3 1 0
github.com/gidyon/pandemic-api/internal/services/location/location.go:96.60,99.9 2 14
github.com/gidyon/pandemic-api/internal/services/location/location.go:111.2,111.16 1 14
github.com/gidyon/pandemic-api/internal/services/location/location.go:114.2,114.12 1 9
github.com/gidyon/pandemic-api/internal/services/location/location.go:100.25,101.47 1 1
github.com/gidyon/pandemic-api/internal/services/location/location.go:102.40,103.57 1 1
github.com/gidyon/pandemic-api/internal/services/location/location.go:104.39,105.56 1 1
github.com/gidyon/pandemic-api/internal/services/location/location.go:106.35,107.57 1 1
github.com/gidyon/pandemic-api/internal/services/location/location.go:108.35,109.60 1 1
github.com/gidyon/pandemic-api/internal/services/location/location.go:111.16,113.3 1 5
github.com/gidyon/pandemic-api/internal/services/location/location.go:117.47,121.2 3 8
github.com/gidyon/pandemic-api/internal/services/location/location.go:125.9,128.16 3 14
github.com/gidyon/pandemic-api/internal/services/location/location.go:133.2,136.9 2 9
github.com/gidyon/pandemic-api/internal/services/location/location.go:144.2,150.16 3 8
github.com/gidyon/pandemic-api/internal/services/location/location.go:154.2,154.50 1 8
github.com/gidyon/pandemic-api/internal/services/location/location.go:169.2,175.16 4 8
github.com/gidyon/pandemic-api/internal/services/location/location.go:179.2,179.12 1 8
github.com/gidyon/pandemic-api/internal/services/location/location.go:128.16,130.3 1 5
github.com/gidyon/pandemic-api/internal/services/location/location.go:137.28,138.47 1 1
github.com/gidyon/pandemic-api/internal/services/location/location.go:139.39,140.49 1 0
github.com/gidyon/pandemic-api/internal/services/location/location.go:150.16,152.3 1 0
github.com/gidyon/pandemic-api/internal/services/location/location.go:154.50,159.17 2 1
github.com/gidyon/pandemic-api/internal/services/location/location.go:159.17,161.4 1 0
github.com/gidyon/pandemic-api/internal/services/location/location.go:162.8,163.17 1 7
github.com/gidyon/pandemic-api/internal/services/location/location.go:163.17,165.4 1 0
github.com/gidyon/pandemic-api/internal/services/location/location.go:175.16,177.3 1 0
github.com/gidyon/pandemic-api/internal/services/location/location.go:182.39,184.2 1 8
github.com/gidyon/pandemic-api/internal/services/location/location.go:186.56,188.2 1 8
github.com/gidyon/pandemic-api/internal/services/location/location.go:190.101,197.16 4 0
github.com/gidyon/pandemic-api/internal/services/location/location.go:202.2,202.12 1 0
github.com/gidyon/pandemic-api/internal/services/location/location.go:197.16,200.3 2 0
github.com/gidyon/pandemic-api/internal/services/location/location.go:202.12,211.17 2 0
github.com/gidyon/pandemic-api/internal/services/location/location.go:211.17,214.4 2 0
github.com/gidyon/pandemic-api/internal/services/location/location.go:220.25,222.20 1 8
github.com/gidyon/pandemic-api/internal/services/location/location.go:227.2,228.16 2 7
github.com/gidyon/pandemic-api/internal/services/location/location.go:232.2,233.16 2 7
github.com/gidyon/pandemic-api/internal/services/location/location.go:237.2,237.28 1 1
github.com/gidyon/pandemic-api/internal/services/location/location.go:222.20,224.3 1 1
github.com/gidyon/pandemic-api/internal/services/location/location.go:228.16,230.3 1 0
github.com/gidyon/pandemic-api/internal/services/location/location.go:233.16,235.3 1 6
github.com/gidyon/pandemic-api/internal/services/location/location.go:242.25,244.20 1 3
github.com/gidyon/pandemic-api/internal/services/location/location.go:249.2,250.16 2 2
github.com/gidyon/pandemic-api/internal/services/location/location.go:255.2,255.9 1 2
github.com/gidyon/pandemic-api/internal/services/location/location.go:261.2,261.16 1 2
github.com/gidyon/pandemic-api/internal/services/location/location.go:265.2,272.47 2 1
github.com/gidyon/pandemic-api/internal/services/location/location.go:302.2,302.52 1 1
github.com/gidyon/pandemic-api/internal/services/location/location.go:326.2,326.28 1 1
github.com/gidyon/pandemic-api/internal/services/location/location.go:244.20,246.3 1 1
github.com/gidyon/pandemic-api/internal/services/location/location.go:250.16,252.3 1 0
github.com/gidyon/pandemic-api/internal/services/location/location.go:256.44,257.45 1 0
github.com/gidyon/pandemic-api/internal/services/location/location.go:258.33,259.46 1 1
github.com/gidyon/pandemic-api/internal/services/location/location.go:261.16,263.3 1 1
github.com/gidyon/pandemic-api/internal/services/location/location.go:272.47,278.17 2 7
github.com/gidyon/pandemic-api/internal/services/location/location.go:284.3,287.17 2 7
github.com/gidyon/pandemic-api/internal/services/location/location.go:291.3,291.13 1 7
github.com/gidyon/pandemic-api/internal/services/location/location.go:278.17,280.12 2 0
github.com/gidyon/pandemic-api/internal/services/location/location.go:287.17,289.12 2 0
github.com/gidyon/pandemic-api/internal/services/location/location.go:291.13,292.43 1 0
github.com/gidyon/pandemic-api/internal/services/location/location.go:298.4,298.23 1 0
github.com/gidyon/pandemic-api/internal/services/location/location.go:292.43,297.5 4 0
github.com/gidyon/pandemic-api/internal/services/location/location.go:302.52,305.13 1 0
github.com/gidyon/pandemic-api/internal/services/location/location.go:305.13,320.18 4 0
github.com/gidyon/pandemic-api/internal/services/location/location.go:320.18,322.5 1 0
github.com/gidyon/pandemic-api/internal/services/location/location.go:333.25,335.22 1 3
github.com/gidyon/pandemic-api/internal/services/location/location.go:340.2,341.16 2 2
github.com/gidyon/pandemic-api/internal/services/location/location.go:346.2,346.9 1 2
github.com/gidyon/pandemic-api/internal/services/location/location.go:352.2,352.16 1 2
github.com/gidyon/pandemic-api/internal/services/location/location.go:356.2,357.15 2 1
github.com/gidyon/pandemic-api/internal/services/location/location.go:362.2,362.21 1 1
github.com/gidyon/pandemic-api/internal/services/location/location.go:367.2,369.16 2 1
github.com/gidyon/pandemic-api/internal/services/location/location.go:374.2,374.55 1 1
github.com/gidyon/pandemic-api/internal/services/location/location.go:382.2,383.16 2 1
github.com/gidyon/pandemic-api/internal/services/location/location.go:387.2,387.28 1 1
github.com/gidyon/pandemic-api/internal/services/location/location.go:335.22,337.3 1 1
github.com/gidyon/pandemic-api/internal/services/location/location.go:341.16,343.3 1 0
github.com/gidyon/pandemic-api/internal/services/location/location.go:347.35,348.49 1 1
github.com/gidyon/pandemic-api/internal/services/location/location.go:349.39,350.48 1 0
github.com/gidyon/pandemic-api/internal/services/location/location.go:352.16,354.3 1 1
github.com/gidyon/pandemic-api/internal/services/location/location.go:357.15,358.35 1 1
github.com/gidyon/pandemic-api/internal/services/location/location.go:358.35,360.4 1 0
github.com/gidyon/pandemic-api/internal/services/location/location.go:362.21,364.3 1 0
github.com/gidyon/pandemic-api/internal/services/location/location.go:369.16,371.3 1 0
github.com/gidyon/pandemic-api/internal/services/location/location.go:374.55,376.17 2 0
github.com/gidyon/pandemic-api/internal/services/location/location.go:376.17,379.4 2 0
github.com/gidyon/pandemic-api/internal/services/location/location.go:383.16,385.3 1 0
github.com/gidyon/pandemic-api/internal/services/location/location.go:392.25,394.22 1 4
github.com/gidyon/pandemic-api/internal/services/location/location.go:399.2,400.16 2 3
github.com/gidyon/pandemic-api/internal/services/location/location.go:405.2,405.9 1 3
github.com/gidyon/pandemic-api/internal/services/location/location.go:411.2,411.16 1 3
github.com/gidyon/pandemic-api/internal/services/location/location.go:415.2,416.16 2 1
github.com/gidyon/pandemic-api/internal/services/location/location.go:421.2,423.16 2 1
github.com/gidyon/pandemic-api/internal/services/location/location.go:427.2,427.28 1 1
github.com/gidyon/pandemic-api/internal/services/location/location.go:394.22,396.3 1 1
github.com/gidyon/pandemic-api/internal/services/location/location.go:400.16,402.3 1 0
github.com/gidyon/pandemic-api/internal/services/location/location.go:406.35,407.49 1 1
github.com/gidyon/pandemic-api/internal/services/location/location.go:408.29,409.43 1 1
github.com/gidyon/pandemic-api/internal/services/location/location.go:411.16,413.3 1 2
github.com/gidyon/pandemic-api/internal/services/location/location.go:416.16,418.3 1 0
github.com/gidyon/pandemic-api/internal/services/location/location.go:423.16,425.3 1 0
github.com/gidyon/pandemic-api/internal/services/location/location.go:432.25,434.19 1 11
github.com/gidyon/pandemic-api/internal/services/location/location.go:439.2,440.9 2 10
github.com/gidyon/pandemic-api/internal/services/location/location.go:450.2,450.16 1 10
github.com/gidyon/pandemic-api/internal/services/location/location.go:454.2,455.16 2 6
github.com/gidyon/pandemic-api/internal/services/location/location.go:460.2,463.19 2 6
github.com/gidyon/pandemic-api/internal/services/location/location.go:495.2,495.16 1 6
github.com/gidyon/pandemic-api/internal/services/location/location.go:499.2,499.28 1 6
github.com/gidyon/pandemic-api/internal/services/location/location.go:434.19,436.3 1 1
github.com/gidyon/pandemic-api/internal/services/location/location.go:441.26,442.43 1 1
github.com/gidyon/pandemic-api/internal/services/location/location.go:443.37,444.51 1 1
github.com/gidyon/pandemic-api/internal/services/location/location.go:445.34,446.48 1 1
github.com/gidyon/pandemic-api/internal/services/location/location.go:447.32,448.45 1 1
github.com/gidyon/pandemic-api/internal/services/location/location.go:450.16,452.3 1 4
github.com/gidyon/pandemic-api/internal/services/location/location.go:455.16,457.3 1 0
github.com/gidyon/pandemic-api/internal/services/location/location.go:463.19,466.10 2 1
github.com/gidyon/pandemic-api/internal/services/location/location.go:467.19,467.19 0 1
github.com/gidyon/pandemic-api/internal/services/location/location.go:468.11,469.70 1 0
github.com/gidyon/pandemic-api/internal/services/location/location.go:471.8,475.10 3 5
github.com/gidyon/pandemic-api/internal/services/location/location.go:482.3,490.17 2 5
github.com/gidyon/pandemic-api/internal/services/location/location.go:476.19,476.19 0 5
github.com/gidyon/pandemic-api/internal/services/location/location.go:477.11,478.72 1 0
github.com/gidyon/pandemic-api/internal/services/location/location.go:490.17,492.4 1 0
github.com/gidyon/pandemic-api/internal/services/location/location.go:495.16,497.3 1 0
github.com/gidyon/pandemic-api/internal/services/location/location.go:504.27,506.19 1 5
github.com/gidyon/pandemic-api/internal/services/location/location.go:511.2,512.16 2 4
github.com/gidyon/pandemic-api/internal/services/location/location.go:516.2,516.30 1 4
github.com/gidyon/pandemic-api/internal/services/location/location.go:521.2,523.9 3 3
github.com/gidyon/pandemic-api/internal/services/location/location.go:530.2,530.16 1 3
github.com/gidyon/pandemic-api/internal/services/location/location.go:534.2,535.16 2 2
github.com/gidyon/pandemic-api/internal/services/location/location.go:539.2,539.20 1 2
github.com/gidyon/pandemic-api/internal/services/location/location.go:506.19,508.3 1 1
github.com/gidyon/pandemic-api/internal/services/location/location.go:512.16,514.3 1 0
github.com/gidyon/pandemic-api/internal/services/location/location.go:516.30,518.3 1 1
github.com/gidyon/pandemic-api/internal/services/location/location.go:524.18,524.18 0 2
github.com/gidyon/pandemic-api/internal/services/location/location.go:525.46,526.106 1 1
github.com/gidyon/pandemic-api/internal/services/location/location.go:527.10,528.69 1 0
github.com/gidyon/pandemic-api/internal/services/location/location.go:530.16,532.3 1 1
github.com/gidyon/pandemic-api/internal/services/location/location.go:535.16,537.3 1 0
github.com/gidyon/pandemic-api/internal/services/location/location.go:544.40,546.20 1 5
github.com/gidyon/pandemic-api/internal/services/location/location.go:550.2,551.16 2 4
github.com/gidyon/pandemic-api/internal/services/location/location.go:555.2,559.53 4 4
github.com/gidyon/pandemic-api/internal/services/location/location.go:563.2,565.9 3 4
github.com/gidyon/pandemic-api/internal/services/location/location.go:571.2,572.33 2 4
github.com/gidyon/pandemic-api/internal/services/location/location.go:580.2,583.8 1 4
github.com/gidyon/pandemic-api/internal/services/location/location.go:546.20,548.3 1 1
github.com/gidyon/pandemic-api/internal/services/location/location.go:551.16,553.3 1 0
github.com/gidyon/pandemic-api/internal/services/location/location.go:559.53,561.3 1 4
github.com/gidyon/pandemic-api/internal/services/location/location.go:566.18,566.18 0 4
github.com/gidyon/pandemic-api/internal/services/location/location.go:567.10,568.84 1 0
github.com/gidyon/pandemic-api/internal/services/location/location.go:572.33,574.17 2 39
github.com/gidyon/pandemic-api/internal/services/location/location.go:577.3,577.36 1 39
github.com/gidyon/pandemic-api/internal/services/location/location.go:574.17,576.4 1 0
github.com/gidyon/pandemic-api/internal/services/location/location.go:588.58,589.20 1 4
github.com/gidyon/pandemic-api/internal/services/location/location.go:592.2,592.19 1 4
github.com/gidyon/pandemic-api/internal/services/location/location.go:595.2,595.19 1 4
github.com/gidyon/pandemic-api/internal/services/location/location.go:598.2,598.38 1 4
github.com/gidyon/pandemic-api/internal/services/location/location.go:589.20,591.3 1 4
github.com/gidyon/pandemic-api/internal/services/location/location.go:592.19,594.3 1 4
github.com/gidyon/pandemic-api/internal/services/location/location.go:595.19,597.3 1 0
github.com/gidyon/pandemic-api/internal/services/location/location.go:601.68,611.2 2 7
github.com/gidyon/pandemic-api/internal/services/location/location.go:613.68,624.2 2 41
