mode: atomic
github.com/gidyon/pandemic-api/internal/services/messaging/messaging.go:51.37,54.9 2 5
github.com/gidyon/pandemic-api/internal/services/messaging/messaging.go:64.2,64.16 1 5
github.com/gidyon/pandemic-api/internal/services/messaging/messaging.go:68.2,77.16 3 1
github.com/gidyon/pandemic-api/internal/services/messaging/messaging.go:81.2,81.16 1 1
github.com/gidyon/pandemic-api/internal/services/messaging/messaging.go:55.24,56.47 1 1
github.com/gidyon/pandemic-api/internal/services/messaging/messaging.go:57.24,58.42 1 1
github.com/gidyon/pandemic-api/internal/services/messaging/messaging.go:59.28,60.45 1 1
github.com/gidyon/pandemic-api/internal/services/messaging/messaging.go:61.25,62.41 1 1
github.com/gidyon/pandemic-api/internal/services/messaging/messaging.go:64.16,66.3 1 4
github.com/gidyon/pandemic-api/internal/services/messaging/messaging.go:77.16,79.3 1 0
github.com/gidyon/pandemic-api/internal/services/messaging/messaging.go:86.9,88.22 1 0
github.com/gidyon/pandemic-api/internal/services/messaging/messaging.go:92.1,93.6 1 0
github.com/gidyon/pandemic-api/internal/services/messaging/messaging.go:107.2,107.47 1 0
github.com/gidyon/pandemic-api/internal/services/messaging/messaging.go:88.22,90.3 1 0
github.com/gidyon/pandemic-api/internal/services/messaging/messaging.go:93.6,95.10 2 0
github.com/gidyon/pandemic-api/internal/services/messaging/messaging.go:104.3,104.33 1 0
github.com/gidyon/pandemic-api/internal/services/messaging/messaging.go:96.19,96.19 0 0
github.com/gidyon/pandemic-api/internal/services/messaging/messaging.go:97.31,98.23 1 0
github.com/gidyon/pandemic-api/internal/services/messaging/messaging.go:99.11,100.12 1 0
github.com/gidyon/pandemic-api/internal/services/messaging/messaging.go:112.3,127.15 3 1
github.com/gidyon/pandemic-api/internal/services/messaging/messaging.go:132.2,133.16 2 1
github.com/gidyon/pandemic-api/internal/services/messaging/messaging.go:139.2,140.16 2 1
github.com/gidyon/pandemic-api/internal/services/messaging/messaging.go:147.2,155.16 2 1
github.com/gidyon/pandemic-api/internal/services/messaging/messaging.go:162.2,163.16 2 1
github.com/gidyon/pandemic-api/internal/services/messaging/messaging.go:127.15,128.35 1 1
github.com/gidyon/pandemic-api/internal/services/messaging/messaging.go:128.35,130.4 1 0
github.com/gidyon/pandemic-api/internal/services/messaging/messaging.go:133.16,136.3 2 0
github.com/gidyon/pandemic-api/internal/services/messaging/messaging.go:140.16,144.3 3 0
github.com/gidyon/pandemic-api/internal/services/messaging/messaging.go:155.16,159.3 3 0
github.com/gidyon/pandemic-api/internal/services/messaging/messaging.go:163.16,167.3 3 0
github.com/gidyon/pandemic-api/internal/services/messaging/messaging.go:172.47,174.16 1 6
github.com/gidyon/pandemic-api/internal/services/messaging/messaging.go:179.2,180.9 2 5
github.com/gidyon/pandemic-api/internal/services/messaging/messaging.go:190.2,190.16 1 5
github.com/gidyon/pandemic-api/internal/services/messaging/messaging.go:195.2,201.8 3 1
github.com/gidyon/pandemic-api/internal/services/messaging/messaging.go:174.16,176.3 1 1
github.com/gidyon/pandemic-api/internal/services/messaging/messaging.go:181.23,182.44 1 1
github.com/gidyon/pandemic-api/internal/services/messaging/messaging.go:183.25,184.46 1 1
github.com/gidyon/pandemic-api/internal/services/messaging/messaging.go:185.26,186.46 1 1
github.com/gidyon/pandemic-api/internal/services/messaging/messaging.go:187.28,188.45 1 1
github.com/gidyon/pandemic-api/internal/services/messaging/messaging.go:190.16,192.3 1 4
github.com/gidyon/pandemic-api/internal/services/messaging/messaging.go:206.3,211.15 3 2
github.com/gidyon/pandemic-api/internal/services/messaging/messaging.go:216.2,217.16 2 2
github.com/gidyon/pandemic-api/internal/services/messaging/messaging.go:222.2,222.37 1 2
github.com/gidyon/pandemic-api/internal/services/messaging/messaging.go:235.2,236.16 2 2
github.com/gidyon/pandemic-api/internal/services/messaging/messaging.go:243.2,244.38 2 2
github.com/gidyon/pandemic-api/internal/services/messaging/messaging.go:248.2,254.16 5 2
github.com/gidyon/pandemic-api/internal/services/messaging/messaging.go:211.15,212.35 1 2
github.com/gidyon/pandemic-api/internal/services/messaging/messaging.go:212.35,214.4 1 0
github.com/gidyon/pandemic-api/internal/services/messaging/messaging.go:217.16,220.3 2 0
github.com/gidyon/pandemic-api/internal/services/messaging/messaging.go:222.37,223.17 1 2
github.com/gidyon/pandemic-api/internal/services/messaging/messaging.go:224.44,224.44 0 2
github.com/gidyon/pandemic-api/internal/services/messaging/messaging.go:225.50,226.57 1 0
github.com/gidyon/pandemic-api/internal/services/messaging/messaging.go:227.50,228.57 1 0
github.com/gidyon/pandemic-api/internal/services/messaging/messaging.go:229.50,230.41 1 0
github.com/gidyon/pandemic-api/internal/services/messaging/messaging.go:236.16,240.3 3 0
github.com/gidyon/pandemic-api/internal/services/messaging/messaging.go:244.38,246.3 1 6
github.com/gidyon/pandemic-api/internal/services/messaging/messaging.go:254.16,259.17 3 2
github.com/gidyon/pandemic-api/internal/services/messaging/messaging.go:265.3,265.27 1 2
github.com/gidyon/pandemic-api/internal/services/messaging/messaging.go:269.3,269.34 1 2
github.com/gidyon/pandemic-api/internal/services/messaging/messaging.go:289.3,297.17 2 2
github.com/gidyon/pandemic-api/internal/services/messaging/messaging.go:304.3,305.17 2 2
github.com/gidyon/pandemic-api/internal/services/messaging/messaging.go:259.17,263.4 3 0
github.com/gidyon/pandemic-api/internal/services/messaging/messaging.go:265.27,267.4 1 2
github.com/gidyon/pandemic-api/internal/services/messaging/messaging.go:269.34,282.18 4 52
github.com/gidyon/pandemic-api/internal/services/messaging/messaging.go:282.18,284.13 2 0
github.com/gidyon/pandemic-api/internal/services/messaging/messaging.go:297.17,301.4 3 0
github.com/gidyon/pandemic-api/internal/services/messaging/messaging.go:305.17,308.4 2 0
github.com/gidyon/pandemic-api/internal/services/messaging/messaging.go:314.42,316.16 1 7
github.com/gidyon/pandemic-api/internal/services/messaging/messaging.go:321.2,322.9 2 6
github.com/gidyon/pandemic-api/internal/services/messaging/messaging.go:332.2,332.16 1 6
github.com/gidyon/pandemic-api/internal/services/messaging/messaging.go:337.2,339.9 3 2
github.com/gidyon/pandemic-api/internal/services/messaging/messaging.go:348.2,349.16 2 1
github.com/gidyon/pandemic-api/internal/services/messaging/messaging.go:353.2,357.15 3 1
github.com/gidyon/pandemic-api/internal/services/messaging/messaging.go:362.2,363.16 2 1
github.com/gidyon/pandemic-api/internal/services/messaging/messaging.go:368.2,376.16 3 1
github.com/gidyon/pandemic-api/internal/services/messaging/messaging.go:381.2,382.38 2 1
github.com/gidyon/pandemic-api/internal/services/messaging/messaging.go:387.2,395.16 2 1
github.com/gidyon/pandemic-api/internal/services/messaging/messaging.go:400.2,401.16 2 1
github.com/gidyon/pandemic-api/internal/services/messaging/messaging.go:406.2,408.8 1 1
github.com/gidyon/pandemic-api/internal/services/messaging/messaging.go:316.16,318.3 1 1
github.com/gidyon/pandemic-api/internal/services/messaging/messaging.go:323.27,324.49 1 1
github.com/gidyon/pandemic-api/internal/services/messaging/messaging.go:325.23,326.44 1 1
github.com/gidyon/pandemic-api/internal/services/messaging/messaging.go:327.25,328.46 1 1
github.com/gidyon/pandemic-api/internal/services/messaging/messaging.go:329.26,330.46 1 1
github.com/gidyon/pandemic-api/internal/services/messaging/messaging.go:332.16,334.3 1 4
github.com/gidyon/pandemic-api/internal/services/messaging/messaging.go:340.18,340.18 0 1
github.com/gidyon/pandemic-api/internal/services/messaging/messaging.go:341.46,342.91 1 1
github.com/gidyon/pandemic-api/internal/services/messaging/messaging.go:343.10,344.71 1 0
github.com/gidyon/pandemic-api/internal/services/messaging/messaging.go:349.16,351.3 1 0
github.com/gidyon/pandemic-api/internal/services/messaging/messaging.go:357.15,358.35 1 1
github.com/gidyon/pandemic-api/internal/services/messaging/messaging.go:358.35,360.4 1 0
github.com/gidyon/pandemic-api/internal/services/messaging/messaging.go:363.16,365.3 1 0
github.com/gidyon/pandemic-api/internal/services/messaging/messaging.go:376.16,379.3 2 0
github.com/gidyon/pandemic-api/internal/services/messaging/messaging.go:382.38,384.3 1 2
github.com/gidyon/pandemic-api/internal/services/messaging/messaging.go:395.16,398.3 2 0
github.com/gidyon/pandemic-api/internal/services/messaging/messaging.go:401.16,404.3 2 0
github.com/gidyon/pandemic-api/internal/services/messaging/messaging.go:411.93,412.9 1 0
github.com/gidyon/pandemic-api/internal/services/messaging/messaging.go:413.38,413.38 0 0
github.com/gidyon/pandemic-api/internal/services/messaging/messaging.go:418.4,418.4 0 0
