mode: atomic
github.com/gidyon/pandemic-api/internal/services/messaging/messaging.go:53.38,56.9 2 4
github.com/gidyon/pandemic-api/internal/services/messaging/messaging.go:64.2,64.16 1 4
github.com/gidyon/pandemic-api/internal/services/messaging/messaging.go:68.2,77.16 3 1
github.com/gidyon/pandemic-api/internal/services/messaging/messaging.go:81.2,81.16 1 1
github.com/gidyon/pandemic-api/internal/services/messaging/messaging.go:57.24,58.47 1 1
github.com/gidyon/pandemic-api/internal/services/messaging/messaging.go:59.28,60.45 1 1
github.com/gidyon/pandemic-api/internal/services/messaging/messaging.go:61.25,62.41 1 1
github.com/gidyon/pandemic-api/internal/services/messaging/messaging.go:64.16,66.3 1 3
github.com/gidyon/pandemic-api/internal/services/messaging/messaging.go:77.16,79.3 1 0
github.com/gidyon/pandemic-api/internal/services/messaging/messaging.go:86.9,88.22 1 0
github.com/gidyon/pandemic-api/internal/services/messaging/messaging.go:92.2,92.6 1 0
github.com/gidyon/pandemic-api/internal/services/messaging/messaging.go:88.22,90.3 1 0
github.com/gidyon/pandemic-api/internal/services/messaging/messaging.go:92.6,94.10 2 0
github.com/gidyon/pandemic-api/internal/services/messaging/messaging.go:103.3,104.17 2 0
github.com/gidyon/pandemic-api/internal/services/messaging/messaging.go:95.19,95.19 0 0
github.com/gidyon/pandemic-api/internal/services/messaging/messaging.go:96.31,97.49 1 0
github.com/gidyon/pandemic-api/internal/services/messaging/messaging.go:98.11,99.49 1 0
github.com/gidyon/pandemic-api/internal/services/messaging/messaging.go:104.17,107.12 3 0
github.com/gidyon/pandemic-api/internal/services/messaging/messaging.go:114.9,122.16 3 1
github.com/gidyon/pandemic-api/internal/services/messaging/messaging.go:126.2,141.15 3 1
github.com/gidyon/pandemic-api/internal/services/messaging/messaging.go:146.2,147.16 2 1
github.com/gidyon/pandemic-api/internal/services/messaging/messaging.go:152.2,153.16 2 1
github.com/gidyon/pandemic-api/internal/services/messaging/messaging.go:159.2,167.16 2 1
github.com/gidyon/pandemic-api/internal/services/messaging/messaging.go:173.2,174.16 2 1
github.com/gidyon/pandemic-api/internal/services/messaging/messaging.go:179.2,179.12 1 1
github.com/gidyon/pandemic-api/internal/services/messaging/messaging.go:122.16,124.3 1 0
github.com/gidyon/pandemic-api/internal/services/messaging/messaging.go:141.15,142.35 1 1
github.com/gidyon/pandemic-api/internal/services/messaging/messaging.go:142.35,144.4 1 0
github.com/gidyon/pandemic-api/internal/services/messaging/messaging.go:147.16,149.3 1 0
github.com/gidyon/pandemic-api/internal/services/messaging/messaging.go:153.16,156.3 2 0
github.com/gidyon/pandemic-api/internal/services/messaging/messaging.go:167.16,170.3 2 0
github.com/gidyon/pandemic-api/internal/services/messaging/messaging.go:174.16,177.3 2 0
github.com/gidyon/pandemic-api/internal/services/messaging/messaging.go:184.48,186.16 1 6
github.com/gidyon/pandemic-api/internal/services/messaging/messaging.go:191.2,192.9 2 5
github.com/gidyon/pandemic-api/internal/services/messaging/messaging.go:202.2,202.16 1 5
github.com/gidyon/pandemic-api/internal/services/messaging/messaging.go:207.2,213.8 3 1
github.com/gidyon/pandemic-api/internal/services/messaging/messaging.go:186.16,188.3 1 1
github.com/gidyon/pandemic-api/internal/services/messaging/messaging.go:193.23,194.44 1 1
github.com/gidyon/pandemic-api/internal/services/messaging/messaging.go:195.25,196.46 1 1
github.com/gidyon/pandemic-api/internal/services/messaging/messaging.go:197.26,198.46 1 1
github.com/gidyon/pandemic-api/internal/services/messaging/messaging.go:199.28,200.45 1 1
github.com/gidyon/pandemic-api/internal/services/messaging/messaging.go:202.16,204.3 1 4
github.com/gidyon/pandemic-api/internal/services/messaging/messaging.go:218.3,221.15 2 2
github.com/gidyon/pandemic-api/internal/services/messaging/messaging.go:226.2,227.16 2 2
github.com/gidyon/pandemic-api/internal/services/messaging/messaging.go:232.2,232.37 1 2
github.com/gidyon/pandemic-api/internal/services/messaging/messaging.go:247.2,248.16 2 2
github.com/gidyon/pandemic-api/internal/services/messaging/messaging.go:255.2,256.38 2 2
github.com/gidyon/pandemic-api/internal/services/messaging/messaging.go:260.2,266.16 5 2
github.com/gidyon/pandemic-api/internal/services/messaging/messaging.go:221.15,222.35 1 2
github.com/gidyon/pandemic-api/internal/services/messaging/messaging.go:222.35,224.4 1 0
github.com/gidyon/pandemic-api/internal/services/messaging/messaging.go:227.16,230.3 2 0
github.com/gidyon/pandemic-api/internal/services/messaging/messaging.go:232.37,233.17 1 2
github.com/gidyon/pandemic-api/internal/services/messaging/messaging.go:234.45,234.45 0 2
github.com/gidyon/pandemic-api/internal/services/messaging/messaging.go:235.51,236.57 1 0
github.com/gidyon/pandemic-api/internal/services/messaging/messaging.go:237.51,238.57 1 0
github.com/gidyon/pandemic-api/internal/services/messaging/messaging.go:239.51,240.32 1 0
github.com/gidyon/pandemic-api/internal/services/messaging/messaging.go:240.32,242.5 1 0
github.com/gidyon/pandemic-api/internal/services/messaging/messaging.go:248.16,252.3 3 0
github.com/gidyon/pandemic-api/internal/services/messaging/messaging.go:256.38,258.3 1 6
github.com/gidyon/pandemic-api/internal/services/messaging/messaging.go:266.16,272.17 3 2
github.com/gidyon/pandemic-api/internal/services/messaging/messaging.go:278.3,278.27 1 2
github.com/gidyon/pandemic-api/internal/services/messaging/messaging.go:282.3,282.34 1 2
github.com/gidyon/pandemic-api/internal/services/messaging/messaging.go:303.3,311.17 2 2
github.com/gidyon/pandemic-api/internal/services/messaging/messaging.go:318.3,319.17 2 2
github.com/gidyon/pandemic-api/internal/services/messaging/messaging.go:324.3,324.25 1 2
github.com/gidyon/pandemic-api/internal/services/messaging/messaging.go:272.17,276.4 3 0
github.com/gidyon/pandemic-api/internal/services/messaging/messaging.go:278.27,280.4 1 2
github.com/gidyon/pandemic-api/internal/services/messaging/messaging.go:282.34,296.18 4 136
github.com/gidyon/pandemic-api/internal/services/messaging/messaging.go:296.18,298.13 2 0
github.com/gidyon/pandemic-api/internal/services/messaging/messaging.go:311.17,315.4 3 0
github.com/gidyon/pandemic-api/internal/services/messaging/messaging.go:319.17,322.4 2 0
github.com/gidyon/pandemic-api/internal/services/messaging/messaging.go:330.43,332.16 1 7
github.com/gidyon/pandemic-api/internal/services/messaging/messaging.go:337.2,338.9 2 6
github.com/gidyon/pandemic-api/internal/services/messaging/messaging.go:348.2,348.16 1 6
github.com/gidyon/pandemic-api/internal/services/messaging/messaging.go:353.2,356.9 3 2
github.com/gidyon/pandemic-api/internal/services/messaging/messaging.go:365.2,366.15 2 1
github.com/gidyon/pandemic-api/internal/services/messaging/messaging.go:371.2,372.16 2 1
github.com/gidyon/pandemic-api/internal/services/messaging/messaging.go:377.2,378.16 2 1
github.com/gidyon/pandemic-api/internal/services/messaging/messaging.go:382.2,385.16 3 1
github.com/gidyon/pandemic-api/internal/services/messaging/messaging.go:390.2,391.35 2 1
github.com/gidyon/pandemic-api/internal/services/messaging/messaging.go:396.2,404.16 2 1
github.com/gidyon/pandemic-api/internal/services/messaging/messaging.go:409.2,410.16 2 1
github.com/gidyon/pandemic-api/internal/services/messaging/messaging.go:415.2,417.8 1 1
github.com/gidyon/pandemic-api/internal/services/messaging/messaging.go:332.16,334.3 1 1
github.com/gidyon/pandemic-api/internal/services/messaging/messaging.go:339.27,340.49 1 1
github.com/gidyon/pandemic-api/internal/services/messaging/messaging.go:341.23,342.44 1 1
github.com/gidyon/pandemic-api/internal/services/messaging/messaging.go:343.30,344.51 1 1
github.com/gidyon/pandemic-api/internal/services/messaging/messaging.go:345.23,346.43 1 1
github.com/gidyon/pandemic-api/internal/services/messaging/messaging.go:348.16,350.3 1 4
github.com/gidyon/pandemic-api/internal/services/messaging/messaging.go:357.18,357.18 0 1
github.com/gidyon/pandemic-api/internal/services/messaging/messaging.go:358.46,359.91 1 1
github.com/gidyon/pandemic-api/internal/services/messaging/messaging.go:360.10,361.71 1 0
github.com/gidyon/pandemic-api/internal/services/messaging/messaging.go:366.15,367.35 1 1
github.com/gidyon/pandemic-api/internal/services/messaging/messaging.go:367.35,369.4 1 0
github.com/gidyon/pandemic-api/internal/services/messaging/messaging.go:372.16,374.3 1 0
github.com/gidyon/pandemic-api/internal/services/messaging/messaging.go:378.16,380.3 1 0
github.com/gidyon/pandemic-api/internal/services/messaging/messaging.go:385.16,388.3 2 0
github.com/gidyon/pandemic-api/internal/services/messaging/messaging.go:391.35,393.3 1 2
github.com/gidyon/pandemic-api/internal/services/messaging/messaging.go:404.16,407.3 2 0
github.com/gidyon/pandemic-api/internal/services/messaging/messaging.go:410.16,413.3 2 0
github.com/gidyon/pandemic-api/internal/services/messaging/messaging.go:422.32,424.20 1 4
github.com/gidyon/pandemic-api/internal/services/messaging/messaging.go:429.2,430.9 2 3
github.com/gidyon/pandemic-api/internal/services/messaging/messaging.go:434.2,434.16 1 3
github.com/gidyon/pandemic-api/internal/services/messaging/messaging.go:439.2,445.33 5 2
github.com/gidyon/pandemic-api/internal/services/messaging/messaging.go:453.2,454.16 2 2
github.com/gidyon/pandemic-api/internal/services/messaging/messaging.go:458.2,460.39 2 2
github.com/gidyon/pandemic-api/internal/services/messaging/messaging.go:469.2,471.8 1 2
github.com/gidyon/pandemic-api/internal/services/messaging/messaging.go:424.20,426.3 1 1
github.com/gidyon/pandemic-api/internal/services/messaging/messaging.go:431.33,432.49 1 1
github.com/gidyon/pandemic-api/internal/services/messaging/messaging.go:434.16,436.3 1 1
github.com/gidyon/pandemic-api/internal/services/messaging/messaging.go:445.33,447.46 2 0
github.com/gidyon/pandemic-api/internal/services/messaging/messaging.go:450.3,450.37 1 0
github.com/gidyon/pandemic-api/internal/services/messaging/messaging.go:447.46,449.4 1 0
github.com/gidyon/pandemic-api/internal/services/messaging/messaging.go:454.16,456.3 1 0
github.com/gidyon/pandemic-api/internal/services/messaging/messaging.go:460.39,462.17 2 2
github.com/gidyon/pandemic-api/internal/services/messaging/messaging.go:466.3,466.45 1 2
github.com/gidyon/pandemic-api/internal/services/messaging/messaging.go:462.17,464.4 1 0
github.com/gidyon/pandemic-api/internal/services/messaging/messaging.go:476.58,477.20 1 2
github.com/gidyon/pandemic-api/internal/services/messaging/messaging.go:480.2,480.19 1 2
github.com/gidyon/pandemic-api/internal/services/messaging/messaging.go:483.2,483.19 1 2
github.com/gidyon/pandemic-api/internal/services/messaging/messaging.go:486.2,486.38 1 2
github.com/gidyon/pandemic-api/internal/services/messaging/messaging.go:477.20,479.3 1 2
github.com/gidyon/pandemic-api/internal/services/messaging/messaging.go:480.19,482.3 1 1
github.com/gidyon/pandemic-api/internal/services/messaging/messaging.go:483.19,485.3 1 1
github.com/gidyon/pandemic-api/internal/services/messaging/messaging.go:489.94,490.9 1 0
github.com/gidyon/pandemic-api/internal/services/messaging/messaging.go:491.38,491.38 0 0
github.com/gidyon/pandemic-api/internal/services/messaging/messaging.go:496.4,496.4 0 0
github.com/gidyon/pandemic-api/internal/services/messaging/messaging.go:500.76,510.30 2 4
github.com/gidyon/pandemic-api/internal/services/messaging/messaging.go:518.2,518.23 1 4
github.com/gidyon/pandemic-api/internal/services/messaging/messaging.go:510.30,512.17 2 4
github.com/gidyon/pandemic-api/internal/services/messaging/messaging.go:515.3,515.24 1 4
github.com/gidyon/pandemic-api/internal/services/messaging/messaging.go:512.17,514.4 1 0
github.com/gidyon/pandemic-api/internal/services/messaging/messaging.go:521.76,533.30 2 2
github.com/gidyon/pandemic-api/internal/services/messaging/messaging.go:542.2,542.23 1 2
github.com/gidyon/pandemic-api/internal/services/messaging/messaging.go:533.30,536.17 3 2
github.com/gidyon/pandemic-api/internal/services/messaging/messaging.go:539.3,539.24 1 2
github.com/gidyon/pandemic-api/internal/services/messaging/messaging.go:536.17,538.4 1 0
github.com/gidyon/pandemic-api/internal/services/messaging/messaging.go:547.25,549.19 1 3
github.com/gidyon/pandemic-api/internal/services/messaging/messaging.go:554.2,555.9 2 2
github.com/gidyon/pandemic-api/internal/services/messaging/messaging.go:559.2,559.16 1 2
github.com/gidyon/pandemic-api/internal/services/messaging/messaging.go:564.2,566.16 2 1
github.com/gidyon/pandemic-api/internal/services/messaging/messaging.go:570.2,570.22 1 1
github.com/gidyon/pandemic-api/internal/services/messaging/messaging.go:549.19,551.3 1 1
github.com/gidyon/pandemic-api/internal/services/messaging/messaging.go:556.32,557.51 1 1
github.com/gidyon/pandemic-api/internal/services/messaging/messaging.go:559.16,561.3 1 1
github.com/gidyon/pandemic-api/internal/services/messaging/messaging.go:566.16,568.3 1 0
github.com/gidyon/pandemic-api/internal/services/messaging/messaging.go:575.40,577.19 1 3
github.com/gidyon/pandemic-api/internal/services/messaging/messaging.go:582.2,583.9 2 2
github.com/gidyon/pandemic-api/internal/services/messaging/messaging.go:587.2,587.16 1 2
github.com/gidyon/pandemic-api/internal/services/messaging/messaging.go:591.2,594.16 3 1
github.com/gidyon/pandemic-api/internal/services/messaging/messaging.go:599.2,601.8 1 1
github.com/gidyon/pandemic-api/internal/services/messaging/messaging.go:577.19,579.3 1 1
github.com/gidyon/pandemic-api/internal/services/messaging/messaging.go:584.32,585.51 1 1
github.com/gidyon/pandemic-api/internal/services/messaging/messaging.go:587.16,589.3 1 1
github.com/gidyon/pandemic-api/internal/services/messaging/messaging.go:594.16,597.3 2 0
